<?xml version="1.0" encoding="UTF-8"?>
<!-- Generated by org.testng.reporters.JUnitReportReporter -->
<testsuite skipped="0" hostname="JELENA-WIN10" name="tests.TravelsCarsExtrasTest" tests="1" failures="0" timestamp="2019-12-12T00:25:19 CET" time="28.121" errors="0">
  <testcase name="isAddExtrasAddes" time="28.121" classname="tests.TravelsCarsExtrasTest"/>
</testsuite> <!-- tests.TravelsCarsExtrasTest -->
