<?xml version="1.0" encoding="UTF-8"?>
<!-- Generated by org.testng.reporters.JUnitReportReporter -->
<testsuite skipped="0" hostname="JELENA-WIN10" name="tests.TravelsMenuTest" tests="9" failures="0" timestamp="2019-12-09T23:29:34 CET" time="28.509" errors="0">
  <testcase name="isDashboardSelected" time="5.479" classname="tests.TravelsMenuTest"/>
  <testcase name="isBookingsSelected" time="2.742" classname="tests.TravelsMenuTest"/>
  <testcase name="areCouponsSelected" time="2.845" classname="tests.TravelsMenuTest"/>
  <testcase name="areModulesSelected" time="2.442" classname="tests.TravelsMenuTest"/>
  <testcase name="areUpdatesSelected" time="3.674" classname="tests.TravelsMenuTest"/>
  <testcase name="isNewsletterSelected" time="3.215" classname="tests.TravelsMenuTest"/>
  <testcase name="areToursSelected" time="0.213" classname="tests.TravelsMenuTest"/>
  <testcase name="addNewTour" time="5.758" classname="tests.TravelsMenuTest"/>
  <testcase name="expandCars" time="2.141" classname="tests.TravelsMenuTest"/>
</testsuite> <!-- tests.TravelsMenuTest -->
