<?xml version="1.0" encoding="UTF-8"?>
<!-- Generated by org.testng.reporters.JUnitReportReporter -->
<testsuite skipped="0" hostname="JELENA-WIN10" name="tests.LoginTest" tests="1" failures="0" timestamp="2019-12-13T00:43:57 CET" time="11.350" errors="0">
  <testcase name="basicLogin" time="11.350" classname="tests.LoginTest"/>
</testsuite> <!-- tests.LoginTest -->
