<?xml version="1.0" encoding="UTF-8"?>
<!-- Generated by org.testng.reporters.JUnitReportReporter -->
<testsuite skipped="0" hostname="JELENA-WIN10" name="tests.ExcelLoginTest" tests="1" failures="0" timestamp="2019-12-13T00:44:38 CET" time="16.093" errors="0">
  <testcase name="LoginExcell" time="16.093" classname="tests.ExcelLoginTest"/>
</testsuite> <!-- tests.ExcelLoginTest -->
