<?xml version="1.0" encoding="UTF-8"?>
<!-- Generated by org.testng.reporters.JUnitReportReporter -->
<testsuite skipped="0" hostname="JELENA-WIN10" name="tests.TravelsCustomerTest" tests="1" failures="0" timestamp="2019-12-14T23:01:23 CET" time="50.726" errors="0">
  <testcase name="updateCustomerTest" time="50.726" classname="tests.TravelsCustomerTest"/>
</testsuite> <!-- tests.TravelsCustomerTest -->
