<?xml version="1.0" encoding="UTF-8"?>
<!-- Generated by org.testng.reporters.JUnitReportReporter -->
<testsuite skipped="0" hostname="JELENA-WIN10" name="tests.TravelsCarsTest" tests="1" failures="0" timestamp="2019-12-14T00:47:51 CET" time="13.192" errors="0">
  <testcase name="numberOfRentedCars" time="13.192" classname="tests.TravelsCarsTest"/>
</testsuite> <!-- tests.TravelsCarsTest -->
